# JRE version: OpenJDK Runtime Environment (17.0.10) (build 17.0.10+0--11572160)
# Java VM: OpenJDK 64-Bit Server VM (17.0.10+0--11572160, mixed mode, tiered, compressed oops, compressed class ptrs, g1 gc, windows-amd64)
GC Precious Log:
 CPUs: 8 total, 8 available
 Memory: 7932M
 Large Page Support: Disabled
 NUMA Support: Disabled
 Compressed Oops: Enabled (32-bit)
 Heap Region Size: 1M
 Heap Min Capacity: 8M
 Heap Initial Capacity: 124M
 Heap Max Capacity: 2G
 Pre-touch: Disabled
 Parallel Workers: 8
 Concurrent Workers: 2
 Concurrent Refinement Workers: 8
 Periodic GC: Disabled
Heap:
 garbage-first heap   total 278528K, used 182946K [0x0000000080000000, 0x0000000100000000)
  region size 1024K, 16 young (16384K), 2 survivors (2048K)
 Metaspace       used 139010K, committed 139904K, reserved 1179648K
  class space    used 18507K, committed 18944K, reserved 1048576K
GC Heap History (20 events):
Event: 50.927 GC heap before
{Heap before GC invocations=50 (full 0):
 garbage-first heap   total 231424K, used 185225K [0x0000000080000000, 0x0000000100000000)
  region size 1024K, 39 young (39936K), 5 survivors (5120K)
 Metaspace       used 122291K, committed 123136K, reserved 1179648K
  class space    used 16698K, committed 17152K, reserved 1048576K
}
Event: 50.934 GC heap after
{Heap after GC invocations=51 (full 0):
 garbage-first heap   total 231424K, used 152972K [0x0000000080000000, 0x0000000100000000)
  region size 1024K, 4 young (4096K), 4 survivors (4096K)
 Metaspace       used 122291K, committed 123136K, reserved 1179648K
  class space    used 16698K, committed 17152K, reserved 1048576K
}
Event: 51.546 GC heap before
{Heap before GC invocations=51 (full 0):
 garbage-first heap   total 231424K, used 186764K [0x0000000080000000, 0x0000000100000000)
  region size 1024K, 38 young (38912K), 4 survivors (4096K)
 Metaspace       used 122957K, committed 123840K, reserved 1179648K
  class space    used 16773K, committed 17216K, reserved 1048576K
}
Event: 51.553 GC heap after
{Heap after GC invocations=52 (full 0):
 garbage-first heap   total 231424K, used 156188K [0x0000000080000000, 0x0000000100000000)
  region size 1024K, 5 young (5120K), 5 survivors (5120K)
 Metaspace       used 122957K, committed 123840K, reserved 1179648K
  class space    used 16773K, committed 17216K, reserved 1048576K
}
Event: 51.821 GC heap before
{Heap before GC invocations=52 (full 0):
 garbage-first heap   total 231424K, used 188956K [0x0000000080000000, 0x0000000100000000)
  region size 1024K, 38 young (38912K), 5 survivors (5120K)
 Metaspace       used 123252K, committed 124096K, reserved 1179648K
  class space    used 16800K, committed 17216K, reserved 1048576K
}
Event: 51.830 GC heap after
{Heap after GC invocations=53 (full 0):
 garbage-first heap   total 231424K, used 158887K [0x0000000080000000, 0x0000000100000000)
  region size 1024K, 5 young (5120K), 5 survivors (5120K)
 Metaspace       used 123252K, committed 124096K, reserved 1179648K
  class space    used 16800K, committed 17216K, reserved 1048576K
}
Event: 52.205 GC heap before
{Heap before GC invocations=53 (full 0):
 garbage-first heap   total 231424K, used 190631K [0x0000000080000000, 0x0000000100000000)
  region size 1024K, 37 young (37888K), 5 survivors (5120K)
 Metaspace       used 123474K, committed 124352K, reserved 1179648K
  class space    used 16830K, committed 17280K, reserved 1048576K
}
Event: 52.229 GC heap after
{Heap after GC invocations=54 (full 0):
 garbage-first heap   total 278528K, used 160223K [0x0000000080000000, 0x0000000100000000)
  region size 1024K, 5 young (5120K), 5 survivors (5120K)
 Metaspace       used 123474K, committed 124352K, reserved 1179648K
  class space    used 16830K, committed 17280K, reserved 1048576K
}
Event: 54.538 GC heap before
{Heap before GC invocations=54 (full 0):
 garbage-first heap   total 278528K, used 220639K [0x0000000080000000, 0x0000000100000000)
  region size 1024K, 65 young (66560K), 5 survivors (5120K)
 Metaspace       used 123932K, committed 124736K, reserved 1179648K
  class space    used 16866K, committed 17280K, reserved 1048576K
}
Event: 54.543 GC heap after
{Heap after GC invocations=55 (full 0):
 garbage-first heap   total 278528K, used 161148K [0x0000000080000000, 0x0000000100000000)
  region size 1024K, 6 young (6144K), 6 survivors (6144K)
 Metaspace       used 123932K, committed 124736K, reserved 1179648K
  class space    used 16866K, committed 17280K, reserved 1048576K
}
Event: 55.194 GC heap before
{Heap before GC invocations=55 (full 0):
 garbage-first heap   total 278528K, used 228732K [0x0000000080000000, 0x0000000100000000)
  region size 1024K, 67 young (68608K), 6 survivors (6144K)
 Metaspace       used 126716K, committed 127552K, reserved 1179648K
  class space    used 17063K, committed 17472K, reserved 1048576K
}
Event: 55.200 GC heap after
{Heap after GC invocations=56 (full 0):
 garbage-first heap   total 278528K, used 168257K [0x0000000080000000, 0x0000000100000000)
  region size 1024K, 7 young (7168K), 7 survivors (7168K)
 Metaspace       used 126716K, committed 127552K, reserved 1179648K
  class space    used 17063K, committed 17472K, reserved 1048576K
}
Event: 55.610 GC heap before
{Heap before GC invocations=56 (full 0):
 garbage-first heap   total 278528K, used 226625K [0x0000000080000000, 0x0000000100000000)
  region size 1024K, 65 young (66560K), 7 survivors (7168K)
 Metaspace       used 127943K, committed 128832K, reserved 1179648K
  class space    used 17216K, committed 17664K, reserved 1048576K
}
Event: 55.616 GC heap after
{Heap after GC invocations=57 (full 0):
 garbage-first heap   total 278528K, used 169311K [0x0000000080000000, 0x0000000100000000)
  region size 1024K, 2 young (2048K), 2 survivors (2048K)
 Metaspace       used 127943K, committed 128832K, reserved 1179648K
  class space    used 17216K, committed 17664K, reserved 1048576K
}
Event: 68.714 GC heap before
{Heap before GC invocations=57 (full 0):
 garbage-first heap   total 278528K, used 229727K [0x0000000080000000, 0x0000000100000000)
  region size 1024K, 62 young (63488K), 2 survivors (2048K)
 Metaspace       used 131418K, committed 132352K, reserved 1179648K
  class space    used 17671K, committed 18112K, reserved 1048576K
}
Event: 68.725 GC heap after
{Heap after GC invocations=58 (full 0):
 garbage-first heap   total 278528K, used 174238K [0x0000000080000000, 0x0000000100000000)
  region size 1024K, 7 young (7168K), 7 survivors (7168K)
 Metaspace       used 131418K, committed 132352K, reserved 1179648K
  class space    used 17671K, committed 18112K, reserved 1048576K
}
Event: 69.346 GC heap before
{Heap before GC invocations=58 (full 0):
 garbage-first heap   total 278528K, used 233630K [0x0000000080000000, 0x0000000100000000)
  region size 1024K, 63 young (64512K), 7 survivors (7168K)
 Metaspace       used 134005K, committed 134912K, reserved 1179648K
  class space    used 17996K, committed 18432K, reserved 1048576K
}
Event: 69.352 GC heap after
{Heap after GC invocations=59 (full 0):
 garbage-first heap   total 278528K, used 176565K [0x0000000080000000, 0x0000000100000000)
  region size 1024K, 2 young (2048K), 2 survivors (2048K)
 Metaspace       used 134005K, committed 134912K, reserved 1179648K
  class space    used 17996K, committed 18432K, reserved 1048576K
}
Event: 69.565 GC heap before
{Heap before GC invocations=59 (full 0):
 garbage-first heap   total 278528K, used 191925K [0x0000000080000000, 0x0000000100000000)
  region size 1024K, 15 young (15360K), 2 survivors (2048K)
 Metaspace       used 136236K, committed 137216K, reserved 1179648K
  class space    used 18193K, committed 18688K, reserved 1048576K
}
Event: 69.575 GC heap after
{Heap after GC invocations=60 (full 0):
 garbage-first heap   total 278528K, used 176802K [0x0000000080000000, 0x0000000100000000)
  region size 1024K, 2 young (2048K), 2 survivors (2048K)
 Metaspace       used 136236K, committed 137216K, reserved 1179648K
  class space    used 18193K, committed 18688K, reserved 1048576K
}

