# JRE version: OpenJDK Runtime Environment (17.0.10) (build 17.0.10+0--11572160)
# Java VM: OpenJDK 64-Bit Server VM (17.0.10+0--11572160, mixed mode, tiered, compressed oops, compressed class ptrs, g1 gc, windows-amd64)
GC Precious Log:
 CPUs: 8 total, 8 available
 Memory: 7932M
 Large Page Support: Disabled
 NUMA Support: Disabled
 Compressed Oops: Enabled (32-bit)
 Heap Region Size: 1M
 Heap Min Capacity: 8M
 Heap Initial Capacity: 124M
 Heap Max Capacity: 2G
 Pre-touch: Disabled
 Parallel Workers: 8
 Concurrent Workers: 2
 Concurrent Refinement Workers: 8
 Periodic GC: Disabled
Heap:
 garbage-first heap   total 336896K, used 248126K [0x0000000080000000, 0x0000000100000000)
  region size 1024K, 12 young (12288K), 4 survivors (4096K)
 Metaspace       used 165208K, committed 166272K, reserved 1245184K
  class space    used 22178K, committed 22656K, reserved 1048576K
GC Heap History (20 events):
Event: 95.592 GC heap before
{Heap before GC invocations=62 (full 0):
 garbage-first heap   total 280576K, used 237205K [0x0000000080000000, 0x0000000100000000)
  region size 1024K, 30 young (30720K), 6 survivors (6144K)
 Metaspace       used 152752K, committed 153856K, reserved 1245184K
  class space    used 19981K, committed 20480K, reserved 1048576K
}
Event: 95.603 GC heap after
{Heap after GC invocations=63 (full 0):
 garbage-first heap   total 280576K, used 218112K [0x0000000080000000, 0x0000000100000000)
  region size 1024K, 4 young (4096K), 4 survivors (4096K)
 Metaspace       used 152752K, committed 153856K, reserved 1245184K
  class space    used 19981K, committed 20480K, reserved 1048576K
}
Event: 96.219 GC heap before
{Heap before GC invocations=63 (full 0):
 garbage-first heap   total 280576K, used 238592K [0x0000000080000000, 0x0000000100000000)
  region size 1024K, 25 young (25600K), 4 survivors (4096K)
 Metaspace       used 153342K, committed 154368K, reserved 1245184K
  class space    used 20057K, committed 20544K, reserved 1048576K
}
Event: 96.228 GC heap after
{Heap after GC invocations=64 (full 0):
 garbage-first heap   total 280576K, used 221630K [0x0000000080000000, 0x0000000100000000)
  region size 1024K, 3 young (3072K), 3 survivors (3072K)
 Metaspace       used 153342K, committed 154368K, reserved 1245184K
  class space    used 20057K, committed 20544K, reserved 1048576K
}
Event: 100.943 GC heap before
{Heap before GC invocations=64 (full 0):
 garbage-first heap   total 280576K, used 244158K [0x0000000080000000, 0x0000000100000000)
  region size 1024K, 22 young (22528K), 3 survivors (3072K)
 Metaspace       used 153805K, committed 154816K, reserved 1245184K
  class space    used 20125K, committed 20608K, reserved 1048576K
}
Event: 100.953 GC heap after
{Heap after GC invocations=65 (full 0):
 garbage-first heap   total 280576K, used 227321K [0x0000000080000000, 0x0000000100000000)
  region size 1024K, 3 young (3072K), 3 survivors (3072K)
 Metaspace       used 153805K, committed 154816K, reserved 1245184K
  class space    used 20125K, committed 20608K, reserved 1048576K
}
Event: 101.165 GC heap before
{Heap before GC invocations=65 (full 0):
 garbage-first heap   total 280576K, used 242681K [0x0000000080000000, 0x0000000100000000)
  region size 1024K, 18 young (18432K), 3 survivors (3072K)
 Metaspace       used 154511K, committed 155584K, reserved 1245184K
  class space    used 20236K, committed 20736K, reserved 1048576K
}
Event: 101.170 GC heap after
{Heap after GC invocations=66 (full 0):
 garbage-first heap   total 280576K, used 229135K [0x0000000080000000, 0x0000000100000000)
  region size 1024K, 2 young (2048K), 2 survivors (2048K)
 Metaspace       used 154511K, committed 155584K, reserved 1245184K
  class space    used 20236K, committed 20736K, reserved 1048576K
}
Event: 101.453 GC heap before
{Heap before GC invocations=66 (full 0):
 garbage-first heap   total 280576K, used 242447K [0x0000000080000000, 0x0000000100000000)
  region size 1024K, 16 young (16384K), 2 survivors (2048K)
 Metaspace       used 155622K, committed 156672K, reserved 1245184K
  class space    used 20387K, committed 20864K, reserved 1048576K
}
Event: 101.459 GC heap after
{Heap after GC invocations=67 (full 0):
 garbage-first heap   total 280576K, used 230887K [0x0000000080000000, 0x0000000100000000)
  region size 1024K, 2 young (2048K), 2 survivors (2048K)
 Metaspace       used 155622K, committed 156672K, reserved 1245184K
  class space    used 20387K, committed 20864K, reserved 1048576K
}
Event: 101.879 GC heap before
{Heap before GC invocations=67 (full 0):
 garbage-first heap   total 280576K, used 244199K [0x0000000080000000, 0x0000000100000000)
  region size 1024K, 16 young (16384K), 2 survivors (2048K)
 Metaspace       used 157251K, committed 158336K, reserved 1245184K
  class space    used 20664K, committed 21184K, reserved 1048576K
}
Event: 101.883 GC heap after
{Heap after GC invocations=68 (full 0):
 garbage-first heap   total 280576K, used 231438K [0x0000000080000000, 0x0000000100000000)
  region size 1024K, 1 young (1024K), 1 survivors (1024K)
 Metaspace       used 157251K, committed 158336K, reserved 1245184K
  class space    used 20664K, committed 21184K, reserved 1048576K
}
Event: 102.141 GC heap before
{Heap before GC invocations=68 (full 0):
 garbage-first heap   total 280576K, used 244750K [0x0000000080000000, 0x0000000100000000)
  region size 1024K, 15 young (15360K), 1 survivors (1024K)
 Metaspace       used 158585K, committed 159616K, reserved 1245184K
  class space    used 20893K, committed 21376K, reserved 1048576K
}
Event: 102.148 GC heap after
{Heap after GC invocations=69 (full 0):
 garbage-first heap   total 280576K, used 232756K [0x0000000080000000, 0x0000000100000000)
  region size 1024K, 2 young (2048K), 2 survivors (2048K)
 Metaspace       used 158585K, committed 159616K, reserved 1245184K
  class space    used 20893K, committed 21376K, reserved 1048576K
}
Event: 102.249 GC heap before
{Heap before GC invocations=69 (full 0):
 garbage-first heap   total 280576K, used 245044K [0x0000000080000000, 0x0000000100000000)
  region size 1024K, 15 young (15360K), 2 survivors (2048K)
 Metaspace       used 159008K, committed 160064K, reserved 1245184K
  class space    used 20941K, committed 21440K, reserved 1048576K
}
Event: 102.257 GC heap after
{Heap after GC invocations=70 (full 0):
 garbage-first heap   total 280576K, used 236872K [0x0000000080000000, 0x0000000100000000)
  region size 1024K, 2 young (2048K), 2 survivors (2048K)
 Metaspace       used 159008K, committed 160064K, reserved 1245184K
  class space    used 20941K, committed 21440K, reserved 1048576K
}
Event: 102.446 GC heap before
{Heap before GC invocations=70 (full 0):
 garbage-first heap   total 280576K, used 247112K [0x0000000080000000, 0x0000000100000000)
  region size 1024K, 13 young (13312K), 2 survivors (2048K)
 Metaspace       used 159895K, committed 160960K, reserved 1245184K
  class space    used 21126K, committed 21632K, reserved 1048576K
}
Event: 102.454 GC heap after
{Heap after GC invocations=71 (full 0):
 garbage-first heap   total 336896K, used 239158K [0x0000000080000000, 0x0000000100000000)
  region size 1024K, 2 young (2048K), 2 survivors (2048K)
 Metaspace       used 159895K, committed 160960K, reserved 1245184K
  class space    used 21126K, committed 21632K, reserved 1048576K
}
Event: 103.275 GC heap before
{Heap before GC invocations=71 (full 0):
 garbage-first heap   total 336896K, used 278070K [0x0000000080000000, 0x0000000100000000)
  region size 1024K, 41 young (41984K), 2 survivors (2048K)
 Metaspace       used 164545K, committed 165568K, reserved 1245184K
  class space    used 22037K, committed 22528K, reserved 1048576K
}
Event: 103.312 GC heap after
{Heap after GC invocations=72 (full 0):
 garbage-first heap   total 336896K, used 240958K [0x0000000080000000, 0x0000000100000000)
  region size 1024K, 4 young (4096K), 4 survivors (4096K)
 Metaspace       used 164545K, committed 165568K, reserved 1245184K
  class space    used 22037K, committed 22528K, reserved 1048576K
}

