# JRE version: OpenJDK Runtime Environment (17.0.10) (build 17.0.10+0--11572160)
# Java VM: OpenJDK 64-Bit Server VM (17.0.10+0--11572160, mixed mode, tiered, compressed oops, compressed class ptrs, g1 gc, windows-amd64)
GC Precious Log:
 CPUs: 8 total, 8 available
 Memory: 7932M
 Large Page Support: Disabled
 NUMA Support: Disabled
 Compressed Oops: Enabled (32-bit)
 Heap Region Size: 1M
 Heap Min Capacity: 8M
 Heap Initial Capacity: 124M
 Heap Max Capacity: 2G
 Pre-touch: Disabled
 Parallel Workers: 8
 Concurrent Workers: 2
 Concurrent Refinement Workers: 8
 Periodic GC: Disabled
Heap:
 garbage-first heap   total 301056K, used 242688K [0x0000000080000000, 0x0000000100000000)
  region size 1024K, 3 young (3072K), 3 survivors (3072K)
 Metaspace       used 124362K, committed 125248K, reserved 1179648K
  class space    used 17447K, committed 17920K, reserved 1048576K
GC Heap History (20 events):
Event: 81.002 GC heap after
{Heap after GC invocations=53 (full 0):
 garbage-first heap   total 220160K, used 124925K [0x0000000080000000, 0x0000000100000000)
  region size 1024K, 6 young (6144K), 6 survivors (6144K)
 Metaspace       used 116315K, committed 117184K, reserved 1179648K
  class space    used 16202K, committed 16640K, reserved 1048576K
}
Event: 81.954 GC heap before
{Heap before GC invocations=53 (full 0):
 garbage-first heap   total 220160K, used 185341K [0x0000000080000000, 0x0000000100000000)
  region size 1024K, 61 young (62464K), 6 survivors (6144K)
 Metaspace       used 117777K, committed 118656K, reserved 1179648K
  class space    used 16302K, committed 16704K, reserved 1048576K
}
Event: 81.961 GC heap after
{Heap after GC invocations=54 (full 0):
 garbage-first heap   total 220160K, used 127290K [0x0000000080000000, 0x0000000100000000)
  region size 1024K, 5 young (5120K), 5 survivors (5120K)
 Metaspace       used 117777K, committed 118656K, reserved 1179648K
  class space    used 16302K, committed 16704K, reserved 1048576K
}
Event: 82.242 GC heap before
{Heap before GC invocations=54 (full 0):
 garbage-first heap   total 220160K, used 145722K [0x0000000080000000, 0x0000000100000000)
  region size 1024K, 14 young (14336K), 5 survivors (5120K)
 Metaspace       used 117915K, committed 118784K, reserved 1179648K
  class space    used 16317K, committed 16704K, reserved 1048576K
}
Event: 82.249 GC heap after
{Heap after GC invocations=55 (full 0):
 garbage-first heap   total 220160K, used 143093K [0x0000000080000000, 0x0000000100000000)
  region size 1024K, 5 young (5120K), 5 survivors (5120K)
 Metaspace       used 117915K, committed 118784K, reserved 1179648K
  class space    used 16317K, committed 16704K, reserved 1048576K
}
Event: 83.089 GC heap before
{Heap before GC invocations=56 (full 0):
 garbage-first heap   total 250880K, used 189173K [0x0000000080000000, 0x0000000100000000)
  region size 1024K, 39 young (39936K), 5 survivors (5120K)
 Metaspace       used 121182K, committed 122048K, reserved 1179648K
  class space    used 16804K, committed 17216K, reserved 1048576K
}
Event: 83.096 GC heap after
{Heap after GC invocations=57 (full 0):
 garbage-first heap   total 250880K, used 153270K [0x0000000080000000, 0x0000000100000000)
  region size 1024K, 3 young (3072K), 3 survivors (3072K)
 Metaspace       used 121182K, committed 122048K, reserved 1179648K
  class space    used 16804K, committed 17216K, reserved 1048576K
}
Event: 83.106 GC heap before
{Heap before GC invocations=57 (full 0):
 garbage-first heap   total 250880K, used 178870K [0x0000000080000000, 0x0000000100000000)
  region size 1024K, 12 young (12288K), 3 survivors (3072K)
 Metaspace       used 121188K, committed 122048K, reserved 1179648K
  class space    used 16804K, committed 17216K, reserved 1048576K
}
Event: 83.111 GC heap after
{Heap after GC invocations=58 (full 0):
 garbage-first heap   total 250880K, used 160886K [0x0000000080000000, 0x0000000100000000)
  region size 1024K, 2 young (2048K), 2 survivors (2048K)
 Metaspace       used 121188K, committed 122048K, reserved 1179648K
  class space    used 16804K, committed 17216K, reserved 1048576K
}
Event: 83.502 GC heap before
{Heap before GC invocations=58 (full 0):
 garbage-first heap   total 250880K, used 212086K [0x0000000080000000, 0x0000000100000000)
  region size 1024K, 43 young (44032K), 2 survivors (2048K)
 Metaspace       used 121505K, committed 122368K, reserved 1179648K
  class space    used 16848K, committed 17280K, reserved 1048576K
}
Event: 83.521 GC heap after
{Heap after GC invocations=59 (full 0):
 garbage-first heap   total 250880K, used 181294K [0x0000000080000000, 0x0000000100000000)
  region size 1024K, 6 young (6144K), 6 survivors (6144K)
 Metaspace       used 121505K, committed 122368K, reserved 1179648K
  class space    used 16848K, committed 17280K, reserved 1048576K
}
Event: 83.537 GC heap before
{Heap before GC invocations=59 (full 0):
 garbage-first heap   total 250880K, used 182318K [0x0000000080000000, 0x0000000100000000)
  region size 1024K, 8 young (8192K), 6 survivors (6144K)
 Metaspace       used 121505K, committed 122368K, reserved 1179648K
  class space    used 16848K, committed 17280K, reserved 1048576K
}
Event: 83.550 GC heap after
{Heap after GC invocations=60 (full 0):
 garbage-first heap   total 301056K, used 182468K [0x0000000080000000, 0x0000000100000000)
  region size 1024K, 1 young (1024K), 1 survivors (1024K)
 Metaspace       used 121505K, committed 122368K, reserved 1179648K
  class space    used 16848K, committed 17280K, reserved 1048576K
}
Event: 84.348 GC heap before
{Heap before GC invocations=60 (full 0):
 garbage-first heap   total 301056K, used 232644K [0x0000000080000000, 0x0000000100000000)
  region size 1024K, 50 young (51200K), 1 survivors (1024K)
 Metaspace       used 124154K, committed 125056K, reserved 1179648K
  class space    used 17444K, committed 17920K, reserved 1048576K
}
Event: 84.367 GC heap after
{Heap after GC invocations=61 (full 0):
 garbage-first heap   total 301056K, used 198136K [0x0000000080000000, 0x0000000100000000)
  region size 1024K, 7 young (7168K), 7 survivors (7168K)
 Metaspace       used 124154K, committed 125056K, reserved 1179648K
  class space    used 17444K, committed 17920K, reserved 1048576K
}
Event: 84.586 GC heap before
{Heap before GC invocations=61 (full 0):
 garbage-first heap   total 301056K, used 238072K [0x0000000080000000, 0x0000000100000000)
  region size 1024K, 47 young (48128K), 7 survivors (7168K)
 Metaspace       used 124321K, committed 125248K, reserved 1179648K
  class space    used 17445K, committed 17920K, reserved 1048576K
}
Event: 84.618 GC heap after
{Heap after GC invocations=62 (full 0):
 garbage-first heap   total 301056K, used 219129K [0x0000000080000000, 0x0000000100000000)
  region size 1024K, 6 young (6144K), 6 survivors (6144K)
 Metaspace       used 124321K, committed 125248K, reserved 1179648K
  class space    used 17445K, committed 17920K, reserved 1048576K
}
Event: 84.738 GC heap before
{Heap before GC invocations=62 (full 0):
 garbage-first heap   total 301056K, used 244729K [0x0000000080000000, 0x0000000100000000)
  region size 1024K, 31 young (31744K), 6 survivors (6144K)
 Metaspace       used 124358K, committed 125248K, reserved 1179648K
  class space    used 17445K, committed 17920K, reserved 1048576K
}
Event: 84.763 GC heap after
{Heap after GC invocations=63 (full 0):
 garbage-first heap   total 301056K, used 232882K [0x0000000080000000, 0x0000000100000000)
  region size 1024K, 4 young (4096K), 4 survivors (4096K)
 Metaspace       used 124358K, committed 125248K, reserved 1179648K
  class space    used 17445K, committed 17920K, reserved 1048576K
}
Event: 84.837 GC heap before
{Heap before GC invocations=63 (full 0):
 garbage-first heap   total 301056K, used 249266K [0x0000000080000000, 0x0000000100000000)
  region size 1024K, 21 young (21504K), 4 survivors (4096K)
 Metaspace       used 124362K, committed 125248K, reserved 1179648K
  class space    used 17447K, committed 17920K, reserved 1048576K
}

