# JRE version: OpenJDK Runtime Environment (17.0.10) (build 17.0.10+0--11572160)
# Java VM: OpenJDK 64-Bit Server VM (17.0.10+0--11572160, mixed mode, tiered, compressed oops, compressed class ptrs, g1 gc, windows-amd64)
GC Precious Log:
 CPUs: 8 total, 8 available
 Memory: 7932M
 Large Page Support: Disabled
 NUMA Support: Disabled
 Compressed Oops: Enabled (32-bit)
 Heap Region Size: 1M
 Heap Min Capacity: 8M
 Heap Initial Capacity: 124M
 Heap Max Capacity: 2G
 Pre-touch: Disabled
 Parallel Workers: 8
 Concurrent Workers: 2
 Concurrent Refinement Workers: 8
 Periodic GC: Disabled
Heap:
 garbage-first heap   total 471040K, used 276295K [0x0000000080000000, 0x0000000100000000)
  region size 1024K, 7 young (7168K), 7 survivors (7168K)
 Metaspace       used 143128K, committed 144128K, reserved 1179648K
  class space    used 19550K, committed 20032K, reserved 1048576K
GC Heap History (20 events):
Event: 85.214 GC heap after
{Heap after GC invocations=57 (full 0):
 garbage-first heap   total 281600K, used 208300K [0x0000000080000000, 0x0000000100000000)
  region size 1024K, 7 young (7168K), 7 survivors (7168K)
 Metaspace       used 131178K, committed 132160K, reserved 1179648K
  class space    used 17589K, committed 18048K, reserved 1048576K
}
Event: 86.071 GC heap before
{Heap before GC invocations=57 (full 0):
 garbage-first heap   total 281600K, used 242092K [0x0000000080000000, 0x0000000100000000)
  region size 1024K, 36 young (36864K), 7 survivors (7168K)
 Metaspace       used 134327K, committed 135360K, reserved 1179648K
  class space    used 18062K, committed 18560K, reserved 1048576K
}
Event: 86.076 GC heap after
{Heap after GC invocations=58 (full 0):
 garbage-first heap   total 281600K, used 212239K [0x0000000080000000, 0x0000000100000000)
  region size 1024K, 2 young (2048K), 2 survivors (2048K)
 Metaspace       used 134327K, committed 135360K, reserved 1179648K
  class space    used 18062K, committed 18560K, reserved 1048576K
}
Event: 86.093 GC heap before
{Heap before GC invocations=58 (full 0):
 garbage-first heap   total 281600K, used 245007K [0x0000000080000000, 0x0000000100000000)
  region size 1024K, 15 young (15360K), 2 survivors (2048K)
 Metaspace       used 134336K, committed 135360K, reserved 1179648K
  class space    used 18062K, committed 18560K, reserved 1048576K
}
Event: 86.097 GC heap after
{Heap after GC invocations=59 (full 0):
 garbage-first heap   total 281600K, used 226091K [0x0000000080000000, 0x0000000100000000)
  region size 1024K, 4 young (4096K), 4 survivors (4096K)
 Metaspace       used 134336K, committed 135360K, reserved 1179648K
  class space    used 18062K, committed 18560K, reserved 1048576K
}
Event: 86.098 GC heap before
{Heap before GC invocations=59 (full 0):
 garbage-first heap   total 281600K, used 232235K [0x0000000080000000, 0x0000000100000000)
  region size 1024K, 5 young (5120K), 4 survivors (4096K)
 Metaspace       used 134336K, committed 135360K, reserved 1179648K
  class space    used 18062K, committed 18560K, reserved 1048576K
}
Event: 86.102 GC heap after
{Heap after GC invocations=60 (full 0):
 garbage-first heap   total 281600K, used 232218K [0x0000000080000000, 0x0000000100000000)
  region size 1024K, 1 young (1024K), 1 survivors (1024K)
 Metaspace       used 134336K, committed 135360K, reserved 1179648K
  class space    used 18062K, committed 18560K, reserved 1048576K
}
Event: 86.288 GC heap before
{Heap before GC invocations=60 (full 0):
 garbage-first heap   total 372736K, used 221978K [0x0000000080000000, 0x0000000100000000)
  region size 1024K, 13 young (13312K), 1 survivors (1024K)
 Metaspace       used 134635K, committed 135616K, reserved 1179648K
  class space    used 18105K, committed 18560K, reserved 1048576K
}
Event: 86.293 GC heap after
{Heap after GC invocations=61 (full 0):
 garbage-first heap   total 372736K, used 209070K [0x0000000080000000, 0x0000000100000000)
  region size 1024K, 2 young (2048K), 2 survivors (2048K)
 Metaspace       used 134635K, committed 135616K, reserved 1179648K
  class space    used 18105K, committed 18560K, reserved 1048576K
}
Event: 87.218 GC heap before
{Heap before GC invocations=62 (full 0):
 garbage-first heap   total 372736K, used 308398K [0x0000000080000000, 0x0000000100000000)
  region size 1024K, 98 young (100352K), 2 survivors (2048K)
 Metaspace       used 136185K, committed 137216K, reserved 1179648K
  class space    used 18579K, committed 19072K, reserved 1048576K
}
Event: 87.252 GC heap after
{Heap after GC invocations=63 (full 0):
 garbage-first heap   total 372736K, used 232505K [0x0000000080000000, 0x0000000100000000)
  region size 1024K, 13 young (13312K), 13 survivors (13312K)
 Metaspace       used 136185K, committed 137216K, reserved 1179648K
  class space    used 18579K, committed 19072K, reserved 1048576K
}
Event: 87.357 GC heap before
{Heap before GC invocations=63 (full 0):
 garbage-first heap   total 372736K, used 236601K [0x0000000080000000, 0x0000000100000000)
  region size 1024K, 18 young (18432K), 13 survivors (13312K)
 Metaspace       used 136716K, committed 137728K, reserved 1179648K
  class space    used 18673K, committed 19136K, reserved 1048576K
}
Event: 87.379 GC heap after
{Heap after GC invocations=64 (full 0):
 garbage-first heap   total 372736K, used 203980K [0x0000000080000000, 0x0000000100000000)
  region size 1024K, 2 young (2048K), 2 survivors (2048K)
 Metaspace       used 136716K, committed 137728K, reserved 1179648K
  class space    used 18673K, committed 19136K, reserved 1048576K
}
Event: 87.959 GC heap before
{Heap before GC invocations=64 (full 0):
 garbage-first heap   total 372736K, used 296140K [0x0000000080000000, 0x0000000100000000)
  region size 1024K, 93 young (95232K), 2 survivors (2048K)
 Metaspace       used 137303K, committed 138304K, reserved 1179648K
  class space    used 18726K, committed 19200K, reserved 1048576K
}
Event: 88.005 GC heap after
{Heap after GC invocations=65 (full 0):
 garbage-first heap   total 372736K, used 247793K [0x0000000080000000, 0x0000000100000000)
  region size 1024K, 12 young (12288K), 12 survivors (12288K)
 Metaspace       used 137303K, committed 138304K, reserved 1179648K
  class space    used 18726K, committed 19200K, reserved 1048576K
}
Event: 88.485 GC heap before
{Heap before GC invocations=66 (full 0):
 garbage-first heap   total 471040K, used 291825K [0x0000000080000000, 0x0000000100000000)
  region size 1024K, 56 young (57344K), 12 survivors (12288K)
 Metaspace       used 137364K, committed 138368K, reserved 1179648K
  class space    used 18739K, committed 19200K, reserved 1048576K
}
Event: 88.524 GC heap after
{Heap after GC invocations=67 (full 0):
 garbage-first heap   total 471040K, used 270833K [0x0000000080000000, 0x0000000100000000)
  region size 1024K, 7 young (7168K), 7 survivors (7168K)
 Metaspace       used 137364K, committed 138368K, reserved 1179648K
  class space    used 18739K, committed 19200K, reserved 1048576K
}
Event: 88.906 GC heap before
{Heap before GC invocations=67 (full 0):
 garbage-first heap   total 471040K, used 286193K [0x0000000080000000, 0x0000000100000000)
  region size 1024K, 23 young (23552K), 7 survivors (7168K)
 Metaspace       used 138263K, committed 139200K, reserved 1179648K
  class space    used 18883K, committed 19328K, reserved 1048576K
}
Event: 88.927 GC heap after
{Heap after GC invocations=68 (full 0):
 garbage-first heap   total 471040K, used 272369K [0x0000000080000000, 0x0000000100000000)
  region size 1024K, 3 young (3072K), 3 survivors (3072K)
 Metaspace       used 138263K, committed 139200K, reserved 1179648K
  class space    used 18883K, committed 19328K, reserved 1048576K
}
Event: 90.435 GC heap before
{Heap before GC invocations=68 (full 0):
 garbage-first heap   total 471040K, used 351217K [0x0000000080000000, 0x0000000100000000)
  region size 1024K, 81 young (82944K), 3 survivors (3072K)
 Metaspace       used 143128K, committed 144128K, reserved 1179648K
  class space    used 19550K, committed 20032K, reserved 1048576K
}

