# JRE version: OpenJDK Runtime Environment (17.0.10) (build 17.0.10+0--11572160)
# Java VM: OpenJDK 64-Bit Server VM (17.0.10+0--11572160, mixed mode, tiered, compressed oops, compressed class ptrs, g1 gc, windows-amd64)
GC Precious Log:
 CPUs: 8 total, 8 available
 Memory: 7932M
 Large Page Support: Disabled
 NUMA Support: Disabled
 Compressed Oops: Enabled (32-bit)
 Heap Region Size: 1M
 Heap Min Capacity: 8M
 Heap Initial Capacity: 124M
 Heap Max Capacity: 2G
 Pre-touch: Disabled
 Parallel Workers: 8
 Concurrent Workers: 2
 Concurrent Refinement Workers: 8
 Periodic GC: Disabled
Heap:
 garbage-first heap   total 495616K, used 276864K [0x0000000080000000, 0x0000000100000000)
  region size 1024K, 63 young (64512K), 6 survivors (6144K)
 Metaspace       used 188414K, committed 189760K, reserved 1245184K
  class space    used 25064K, committed 25728K, reserved 1048576K
GC Heap History (20 events):
Event: 83.929 GC heap before
{Heap before GC invocations=87 (full 0):
 garbage-first heap   total 495616K, used 294061K [0x0000000080000000, 0x0000000100000000)
  region size 1024K, 24 young (24576K), 3 survivors (3072K)
 Metaspace       used 153229K, committed 154368K, reserved 1245184K
  class space    used 20439K, committed 20992K, reserved 1048576K
}
Event: 83.939 GC heap after
{Heap after GC invocations=88 (full 0):
 garbage-first heap   total 495616K, used 224715K [0x0000000080000000, 0x0000000100000000)
  region size 1024K, 3 young (3072K), 3 survivors (3072K)
 Metaspace       used 153229K, committed 154368K, reserved 1245184K
  class space    used 20439K, committed 20992K, reserved 1048576K
}
Event: 84.621 GC heap before
{Heap before GC invocations=88 (full 0):
 garbage-first heap   total 495616K, used 248267K [0x0000000080000000, 0x0000000100000000)
  region size 1024K, 24 young (24576K), 3 survivors (3072K)
 Metaspace       used 156956K, committed 158016K, reserved 1245184K
  class space    used 20862K, committed 21376K, reserved 1048576K
}
Event: 84.629 GC heap after
{Heap after GC invocations=89 (full 0):
 garbage-first heap   total 495616K, used 182286K [0x0000000080000000, 0x0000000100000000)
  region size 1024K, 3 young (3072K), 3 survivors (3072K)
 Metaspace       used 156956K, committed 158016K, reserved 1245184K
  class space    used 20862K, committed 21376K, reserved 1048576K
}
Event: 85.304 GC heap before
{Heap before GC invocations=89 (full 0):
 garbage-first heap   total 495616K, used 203790K [0x0000000080000000, 0x0000000100000000)
  region size 1024K, 24 young (24576K), 3 survivors (3072K)
 Metaspace       used 160627K, committed 161856K, reserved 1245184K
  class space    used 21329K, committed 21952K, reserved 1048576K
}
Event: 85.313 GC heap after
{Heap after GC invocations=90 (full 0):
 garbage-first heap   total 495616K, used 171040K [0x0000000080000000, 0x0000000100000000)
  region size 1024K, 2 young (2048K), 2 survivors (2048K)
 Metaspace       used 160627K, committed 161856K, reserved 1245184K
  class space    used 21329K, committed 21952K, reserved 1048576K
}
Event: 95.681 GC heap before
{Heap before GC invocations=90 (full 0):
 garbage-first heap   total 495616K, used 302112K [0x0000000080000000, 0x0000000100000000)
  region size 1024K, 127 young (130048K), 2 survivors (2048K)
 Metaspace       used 166486K, committed 167680K, reserved 1245184K
  class space    used 22055K, committed 22656K, reserved 1048576K
}
Event: 95.691 GC heap after
{Heap after GC invocations=91 (full 0):
 garbage-first heap   total 495616K, used 181779K [0x0000000080000000, 0x0000000100000000)
  region size 1024K, 12 young (12288K), 12 survivors (12288K)
 Metaspace       used 166486K, committed 167680K, reserved 1245184K
  class space    used 22055K, committed 22656K, reserved 1048576K
}
Event: 97.747 GC heap before
{Heap before GC invocations=91 (full 0):
 garbage-first heap   total 495616K, used 331283K [0x0000000080000000, 0x0000000100000000)
  region size 1024K, 155 young (158720K), 12 survivors (12288K)
 Metaspace       used 170653K, committed 171840K, reserved 1245184K
  class space    used 22614K, committed 23232K, reserved 1048576K
}
Event: 97.769 GC heap after
{Heap after GC invocations=92 (full 0):
 garbage-first heap   total 495616K, used 194139K [0x0000000080000000, 0x0000000100000000)
  region size 1024K, 20 young (20480K), 20 survivors (20480K)
 Metaspace       used 170653K, committed 171840K, reserved 1245184K
  class space    used 22614K, committed 23232K, reserved 1048576K
}
Event: 99.119 GC heap before
{Heap before GC invocations=92 (full 0):
 garbage-first heap   total 495616K, used 363099K [0x0000000080000000, 0x0000000100000000)
  region size 1024K, 168 young (172032K), 20 survivors (20480K)
 Metaspace       used 176868K, committed 178048K, reserved 1245184K
  class space    used 23712K, committed 24320K, reserved 1048576K
}
Event: 99.176 GC heap after
{Heap after GC invocations=93 (full 0):
 garbage-first heap   total 495616K, used 227085K [0x0000000080000000, 0x0000000100000000)
  region size 1024K, 18 young (18432K), 18 survivors (18432K)
 Metaspace       used 176868K, committed 178048K, reserved 1245184K
  class space    used 23712K, committed 24320K, reserved 1048576K
}
Event: 100.032 GC heap before
{Heap before GC invocations=93 (full 0):
 garbage-first heap   total 495616K, used 364301K [0x0000000080000000, 0x0000000100000000)
  region size 1024K, 151 young (154624K), 18 survivors (18432K)
 Metaspace       used 178011K, committed 179264K, reserved 1245184K
  class space    used 23824K, committed 24448K, reserved 1048576K
}
Event: 100.059 GC heap after
{Heap after GC invocations=94 (full 0):
 garbage-first heap   total 495616K, used 222195K [0x0000000080000000, 0x0000000100000000)
  region size 1024K, 13 young (13312K), 13 survivors (13312K)
 Metaspace       used 178011K, committed 179264K, reserved 1245184K
  class space    used 23824K, committed 24448K, reserved 1048576K
}
Event: 101.646 GC heap before
{Heap before GC invocations=94 (full 0):
 garbage-first heap   total 495616K, used 369651K [0x0000000080000000, 0x0000000100000000)
  region size 1024K, 157 young (160768K), 13 survivors (13312K)
 Metaspace       used 180825K, committed 182080K, reserved 1245184K
  class space    used 24145K, committed 24768K, reserved 1048576K
}
Event: 101.668 GC heap after
{Heap after GC invocations=95 (full 0):
 garbage-first heap   total 495616K, used 221773K [0x0000000080000000, 0x0000000100000000)
  region size 1024K, 8 young (8192K), 8 survivors (8192K)
 Metaspace       used 180825K, committed 182080K, reserved 1245184K
  class space    used 24145K, committed 24768K, reserved 1048576K
}
Event: 171.978 GC heap before
{Heap before GC invocations=95 (full 0):
 garbage-first heap   total 495616K, used 409165K [0x0000000080000000, 0x0000000100000000)
  region size 1024K, 161 young (164864K), 8 survivors (8192K)
 Metaspace       used 182916K, committed 184128K, reserved 1245184K
  class space    used 24393K, committed 24960K, reserved 1048576K
}
Event: 171.990 GC heap after
{Heap after GC invocations=96 (full 0):
 garbage-first heap   total 495616K, used 222773K [0x0000000080000000, 0x0000000100000000)
  region size 1024K, 9 young (9216K), 9 survivors (9216K)
 Metaspace       used 182916K, committed 184128K, reserved 1245184K
  class space    used 24393K, committed 24960K, reserved 1048576K
}
Event: 2028.472 GC heap before
{Heap before GC invocations=96 (full 0):
 garbage-first heap   total 495616K, used 388661K [0x0000000080000000, 0x0000000100000000)
  region size 1024K, 172 young (176128K), 9 survivors (9216K)
 Metaspace       used 183659K, committed 184960K, reserved 1245184K
  class space    used 24431K, committed 25024K, reserved 1048576K
}
Event: 2028.523 GC heap after
{Heap after GC invocations=97 (full 0):
 garbage-first heap   total 495616K, used 219520K [0x0000000080000000, 0x0000000100000000)
  region size 1024K, 6 young (6144K), 6 survivors (6144K)
 Metaspace       used 183659K, committed 184960K, reserved 1245184K
  class space    used 24431K, committed 25024K, reserved 1048576K
}

